[     116ms] [INFO] %cDownload the React DevTools for a better development experience: https://react.dev/link/react-devtools font-weight:bold @ http://localhost:3000/node_modules/.vite/deps/react-dom_client.js?v=b9764f5e:14337
[     132ms] Error: Module "node:fs/promises" has been externalized for browser compatibility. Cannot access "node:fs/promises.readFile" in client code.  See https://vite.dev/guide/troubleshooting.html#module-externalized-for-browser-compatibility for more details.
    at Object.get (http://localhost:3000/@id/__vite-browser-external:node:fs/promises:3:11)
    at http://localhost:3000/app/routes/$slug.tsx:1:350
[  108500ms] [LOG] [vite] server connection lost. Polling for restart... @ http://localhost:3000/app/routes/__root.tsx:66
[  108501ms] [ERROR] Failed to load resource: net::ERR_INCOMPLETE_CHUNKED_ENCODING @ http://localhost:3000/__tsd/console-pipe/sse:0
[  110260ms] [INFO] %cDownload the React DevTools for a better development experience: https://react.dev/link/react-devtools font-weight:bold @ http://localhost:3000/node_modules/.vite/deps/react-dom_client.js?v=b9764f5e:14337
[  112360ms] [LOG] [vite] server connection lost. Polling for restart... @ http://localhost:3000/app/routes/__root.tsx:66
[  112361ms] [ERROR] Failed to load resource: net::ERR_INCOMPLETE_CHUNKED_ENCODING @ http://localhost:3000/__tsd/console-pipe/sse:0
[  112464ms] [ERROR] Failed to load resource: net::ERR_CONNECTION_REFUSED @ http://localhost:3000/__tsd/console-pipe:0
[  116506ms] [INFO] %cDownload the React DevTools for a better development experience: https://react.dev/link/react-devtools font-weight:bold @ http://localhost:3000/node_modules/.vite/deps/react-dom_client.js?v=539f4ba2:14336
[  116569ms] [ERROR] Invalid hook call. Hooks can only be called inside of the body of a function component. This could happen for one of the following reasons:
1. You might have mismatching versions of React and the renderer (such as React DOM)
2. You might be breaking the Rules of Hooks
3. You might have more than one copy of React in the same app
See https://react.dev/link/invalid-hook-call for tips about how to debug and fix this problem. @ http://localhost:3000/@vite/client:509
[  116571ms] [ERROR] Invalid hook call. Hooks can only be called inside of the body of a function component. This could happen for one of the following reasons:
1. You might have mismatching versions of React and the renderer (such as React DOM)
2. You might be breaking the Rules of Hooks
3. You might have more than one copy of React in the same app
See https://react.dev/link/invalid-hook-call for tips about how to debug and fix this problem. @ http://localhost:3000/@vite/client:509
[  116573ms] [ERROR] %o

%s

%s
 TypeError: Cannot read properties of null (reading 'useState')
    at exports.useState (http://localhost:3000/node_modules/.vite/deps/react.js?v=b9764f5e:748:30)
    at PostRow (http://localhost:3000/app/routes/admin/index.tsx?tsr-split=component:32:40)
    at Object.react_stack_bottom_frame (http://localhost:3000/node_modules/.vite/deps/react-dom_client.js?v=539f4ba2:12867:12)
    at renderWithHooks (http://localhost:3000/node_modules/.vite/deps/react-dom_client.js?v=539f4ba2:4212:19)
    at updateFunctionComponent (http://localhost:3000/node_modules/.vite/deps/react-dom_client.js?v=539f4ba2:5568:16)
    at beginWork (http://localhost:3000/node_modules/.vite/deps/react-dom_client.js?v=539f4ba2:6139:20)
    at runWithFiberInDEV (http://localhost:3000/node_modules/.vite/deps/react-dom_client.js?v=539f4ba2:850:66)
    at performUnitOfWork (http://localhost:3000/node_modules/.vite/deps/react-dom_client.js?v=539f4ba2:8428:92)
    at workLoopConcurrentByScheduler (http://localhost:3000/node_modules/.vite/deps/react-dom_client.js?v=539f4ba2:8424:55)
    at renderRootConcurrent (http://localhost:3000/node_modules/.vite/deps/react-dom_client.js?v=539f4ba2:8407:64) The above error occurred in the <PostRow> component. React will try to recreate this component tree from scratch using the error boundary you provided, CatchBoundaryImpl. @ http://localhost:3000/@vite/client:509
[  116573ms] [WARNING] Warning: The following error wasn't caught by any route! At the very least, consider setting an 'errorComponent' in your RootRoute! @ http://localhost:3000/@vite/client:509
[  116573ms] [WARNING] Warning: Cannot read properties of null (reading 'useState') @ http://localhost:3000/@vite/client:509
[  116592ms] [ERROR] Failed to load resource: the server responded with a status of 504 (Outdated Optimize Dep) @ http://localhost:3000/node_modules/.vite/deps/3OW54XWT-BzsOhMyY.js?v=1fee1a23:0
[  116592ms] [ERROR] [TanStack Devtools] Failed to load: TypeError: Failed to fetch dynamically imported module: http://localhost:3000/node_modules/.vite/deps/3OW54XWT-BzsOhMyY.js?v=1fee1a23 @ http://localhost:3000/@vite/client:509
[  117049ms] [INFO] %cDownload the React DevTools for a better development experience: https://react.dev/link/react-devtools font-weight:bold @ http://localhost:3000/node_modules/.vite/deps/react-dom_client.js?v=b9764f5e:14337
[  195313ms] [INFO] %cDownload the React DevTools for a better development experience: https://react.dev/link/react-devtools font-weight:bold @ http://localhost:3000/node_modules/.vite/deps/react-dom_client.js?v=b9764f5e:14337
